<?xml version="1.0" encoding="utf-8"?>
<test-run id="2" name="Incapsulation.RationalNumbers.exe" fullname="C:/Users/User/Desktop/Mine/University/РТиППО (3 курс)/Incapsulation.RationalNumbers.csproj/bin/Debug/Incapsulation.RationalNumbers.exe" testcasecount="48" result="Failed" start-time="2022-12-09 16:53:55Z" end-time="2022-12-09 16:53:56Z" duration="1.715706" total="48" passed="45" failed="3" inconclusive="0" skipped="0" asserts="85" random-seed="789958266">
  <command-line><![CDATA["C:\Users\User\Desktop\Mine\University\РТиППО (3 курс)\Incapsulation.RationalNumbers.csproj\bin\Debug\Incapsulation.RationalNumbers.exe"   ]]></command-line>
  <filter />
  <test-suite type="Assembly" id="1053" name="Incapsulation.RationalNumbers.exe" fullname="C:/Users/User/Desktop/Mine/University/РТиППО (3 курс)/Incapsulation.RationalNumbers.csproj/bin/Debug/Incapsulation.RationalNumbers.exe" runstate="Runnable" testcasecount="48" result="Failed" site="Child" start-time="2022-12-09 16:53:55Z" end-time="2022-12-09 16:53:56Z" duration="1.715706" total="48" passed="45" failed="3" warnings="0" inconclusive="0" skipped="0" asserts="85">
    <environment framework-version="3.6.0.0" clr-version="4.0.30319.42000" os-version="Microsoft Windows NT 6.2.9200.0" platform="Win32NT" cwd="C:\Users\User\Desktop\Mine\University\РТиППО (3 курс)\Incapsulation.RationalNumbers.csproj\bin\Debug" machine-name="LAPTOP-UNH904N9" user="Tyoma" user-domain="LAPTOP-UNH904N9" culture="ru-RU" uiculture="ru-RU" os-architecture="x86" />
    <settings>
      <setting name="WorkDirectory" value="C:\Users\User\Desktop\Mine\University\РТиППО (3 курс)\Incapsulation.RationalNumbers.csproj\bin\Debug" />
      <setting name="NumberOfTestWorkers" value="12" />
    </settings>
    <properties>
      <property name="_PID" value="15920" />
      <property name="_APPDOMAIN" value="Incapsulation.RationalNumbers.exe" />
    </properties>
    <failure>
      <message><![CDATA[One or more child tests had errors]]></message>
    </failure>
    <test-suite type="TestSuite" id="1054" name="Incapsulation" fullname="Incapsulation" runstate="Runnable" testcasecount="48" result="Failed" site="Child" start-time="2022-12-09 16:53:55Z" end-time="2022-12-09 16:53:56Z" duration="1.685352" total="48" passed="45" failed="3" warnings="0" inconclusive="0" skipped="0" asserts="85">
      <failure>
        <message><![CDATA[One or more child tests had errors]]></message>
      </failure>
      <test-suite type="TestSuite" id="1055" name="RationalNumbers" fullname="Incapsulation.RationalNumbers" runstate="Runnable" testcasecount="48" result="Failed" site="Child" start-time="2022-12-09 16:53:55Z" end-time="2022-12-09 16:53:56Z" duration="1.653533" total="48" passed="45" failed="3" warnings="0" inconclusive="0" skipped="0" asserts="85">
        <failure>
          <message><![CDATA[One or more child tests had errors]]></message>
        </failure>
        <test-suite type="TestFixture" id="1000" name="Rational_should" fullname="Incapsulation.RationalNumbers.Rational_should" classname="Incapsulation.RationalNumbers.Rational_should" runstate="Runnable" testcasecount="48" result="Failed" site="Child" start-time="2022-12-09 16:53:55Z" end-time="2022-12-09 16:53:56Z" duration="1.620714" total="48" passed="45" failed="3" warnings="0" inconclusive="0" skipped="0" asserts="85">
          <failure>
            <message><![CDATA[One or more child tests had errors]]></message>
          </failure>
          <test-case id="1004" name="BeCorrectWithZeroNumerator" fullname="Incapsulation.RationalNumbers.Rational_should.BeCorrectWithZeroNumerator" methodname="BeCorrectWithZeroNumerator" classname="Incapsulation.RationalNumbers.Rational_should" runstate="Runnable" seed="402348554" result="Passed" start-time="2022-12-09 16:53:55Z" end-time="2022-12-09 16:53:55Z" duration="0.009190" asserts="3" />
          <test-case id="1032" name="ConvertFromInt" fullname="Incapsulation.RationalNumbers.Rational_should.ConvertFromInt" methodname="ConvertFromInt" classname="Incapsulation.RationalNumbers.Rational_should" runstate="Runnable" seed="466466039" result="Passed" start-time="2022-12-09 16:53:55Z" end-time="2022-12-09 16:53:55Z" duration="0.000351" asserts="3" />
          <test-suite type="ParameterizedMethod" id="1031" name="ConvertToDouble" fullname="Incapsulation.RationalNumbers.Rational_should.ConvertToDouble" classname="Incapsulation.RationalNumbers.Rational_should" runstate="Runnable" testcasecount="6" result="Failed" site="Child" start-time="2022-12-09 16:53:55Z" end-time="2022-12-09 16:53:55Z" duration="0.204162" total="6" passed="3" failed="3" warnings="0" inconclusive="0" skipped="0" asserts="3">
            <failure>
              <message><![CDATA[One or more child tests had errors]]></message>
            </failure>
            <test-case id="1025" name="ConvertToDouble(1,2,0.5d)" fullname="Incapsulation.RationalNumbers.Rational_should.ConvertToDouble(1,2,0.5d)" methodname="ConvertToDouble" classname="Incapsulation.RationalNumbers.Rational_should" runstate="Runnable" seed="418432030" result="Passed" start-time="2022-12-09 16:53:55Z" end-time="2022-12-09 16:53:55Z" duration="0.001761" asserts="1" />
            <test-case id="1026" name="ConvertToDouble(10,5,2.0d)" fullname="Incapsulation.RationalNumbers.Rational_should.ConvertToDouble(10,5,2.0d)" methodname="ConvertToDouble" classname="Incapsulation.RationalNumbers.Rational_should" runstate="Runnable" seed="1557128735" result="Passed" start-time="2022-12-09 16:53:55Z" end-time="2022-12-09 16:53:55Z" duration="0.000207" asserts="1" />
            <test-case id="1027" name="ConvertToDouble(-1,5,-0.2d)" fullname="Incapsulation.RationalNumbers.Rational_should.ConvertToDouble(-1,5,-0.2d)" methodname="ConvertToDouble" classname="Incapsulation.RationalNumbers.Rational_should" runstate="Runnable" seed="1430841795" result="Passed" start-time="2022-12-09 16:53:55Z" end-time="2022-12-09 16:53:55Z" duration="0.000117" asserts="1" />
            <test-case id="1028" name="ConvertToDouble(10,0,double.NaN)" fullname="Incapsulation.RationalNumbers.Rational_should.ConvertToDouble(10,0,double.NaN)" methodname="ConvertToDouble" classname="Incapsulation.RationalNumbers.Rational_should" runstate="Runnable" seed="955217422" result="Failed" label="Error" start-time="2022-12-09 16:53:55Z" end-time="2022-12-09 16:53:55Z" duration="0.026901" asserts="0">
              <failure>
                <message><![CDATA[System.ArgumentException : Значение не попадает в ожидаемый диапазон.]]></message>
                <stack-trace><![CDATA[   в Incapsulation.RationalNumbers.Rational.op_Implicit(Rational R) в C:\Users\User\Desktop\Mine\University\РТиППО (3 курс)\Incapsulation.RationalNumbers.csproj\Rational.cs:строка 82
   в Incapsulation.RationalNumbers.Rational_should.ConvertToDouble(Int32 numerator, Int32 denominator, Double expectedValue) в C:\Users\User\Desktop\Mine\University\РТиППО (3 курс)\Incapsulation.RationalNumbers.csproj\Rational_should.cs:строка 121]]></stack-trace>
              </failure>
            </test-case>
            <test-case id="1029" name="ConvertToDouble(-10,0,double.NaN)" fullname="Incapsulation.RationalNumbers.Rational_should.ConvertToDouble(-10,0,double.NaN)" methodname="ConvertToDouble" classname="Incapsulation.RationalNumbers.Rational_should" runstate="Runnable" seed="527829843" result="Failed" label="Error" start-time="2022-12-09 16:53:55Z" end-time="2022-12-09 16:53:55Z" duration="0.000535" asserts="0">
              <failure>
                <message><![CDATA[System.ArgumentException : Значение не попадает в ожидаемый диапазон.]]></message>
                <stack-trace><![CDATA[   в Incapsulation.RationalNumbers.Rational.op_Implicit(Rational R) в C:\Users\User\Desktop\Mine\University\РТиППО (3 курс)\Incapsulation.RationalNumbers.csproj\Rational.cs:строка 82
   в Incapsulation.RationalNumbers.Rational_should.ConvertToDouble(Int32 numerator, Int32 denominator, Double expectedValue) в C:\Users\User\Desktop\Mine\University\РТиППО (3 курс)\Incapsulation.RationalNumbers.csproj\Rational_should.cs:строка 121]]></stack-trace>
              </failure>
            </test-case>
            <test-case id="1030" name="ConvertToDouble(0,0,double.NaN)" fullname="Incapsulation.RationalNumbers.Rational_should.ConvertToDouble(0,0,double.NaN)" methodname="ConvertToDouble" classname="Incapsulation.RationalNumbers.Rational_should" runstate="Runnable" seed="474336059" result="Failed" label="Error" start-time="2022-12-09 16:53:55Z" end-time="2022-12-09 16:53:55Z" duration="0.000496" asserts="0">
              <failure>
                <message><![CDATA[System.ArgumentException : Значение не попадает в ожидаемый диапазон.]]></message>
                <stack-trace><![CDATA[   в Incapsulation.RationalNumbers.Rational.op_Implicit(Rational R) в C:\Users\User\Desktop\Mine\University\РТиППО (3 курс)\Incapsulation.RationalNumbers.csproj\Rational.cs:строка 82
   в Incapsulation.RationalNumbers.Rational_should.ConvertToDouble(Int32 numerator, Int32 denominator, Double expectedValue) в C:\Users\User\Desktop\Mine\University\РТиППО (3 курс)\Incapsulation.RationalNumbers.csproj\Rational_should.cs:строка 121]]></stack-trace>
              </failure>
            </test-case>
          </test-suite>
          <test-case id="1022" name="Divide" fullname="Incapsulation.RationalNumbers.Rational_should.Divide" methodname="Divide" classname="Incapsulation.RationalNumbers.Rational_should" runstate="Runnable" seed="660852229" result="Passed" start-time="2022-12-09 16:53:55Z" end-time="2022-12-09 16:53:55Z" duration="0.000456" asserts="3" />
          <test-case id="1024" name="DivideToZero" fullname="Incapsulation.RationalNumbers.Rational_should.DivideToZero" methodname="DivideToZero" classname="Incapsulation.RationalNumbers.Rational_should" runstate="Runnable" seed="636937545" result="Passed" start-time="2022-12-09 16:53:55Z" end-time="2022-12-09 16:53:55Z" duration="0.000871" asserts="1" />
          <test-case id="1023" name="DivideWithNan" fullname="Incapsulation.RationalNumbers.Rational_should.DivideWithNan" methodname="DivideWithNan" classname="Incapsulation.RationalNumbers.Rational_should" runstate="Runnable" seed="1839283507" result="Passed" start-time="2022-12-09 16:53:55Z" end-time="2022-12-09 16:53:55Z" duration="0.000243" asserts="2" />
          <test-suite type="ParameterizedMethod" id="1045" name="ExplicitlyConvertToInt" fullname="Incapsulation.RationalNumbers.Rational_should.ExplicitlyConvertToInt" classname="Incapsulation.RationalNumbers.Rational_should" runstate="Runnable" testcasecount="12" result="Passed" start-time="2022-12-09 16:53:55Z" end-time="2022-12-09 16:53:55Z" duration="0.368675" total="12" passed="12" failed="0" warnings="0" inconclusive="0" skipped="0" asserts="12">
            <test-case id="1033" name="ExplicitlyConvertToInt(0,1,0)" fullname="Incapsulation.RationalNumbers.Rational_should.ExplicitlyConvertToInt(0,1,0)" methodname="ExplicitlyConvertToInt" classname="Incapsulation.RationalNumbers.Rational_should" runstate="Runnable" seed="1302414356" result="Passed" start-time="2022-12-09 16:53:55Z" end-time="2022-12-09 16:53:55Z" duration="0.000433" asserts="1" />
            <test-case id="1034" name="ExplicitlyConvertToInt(1,1,1)" fullname="Incapsulation.RationalNumbers.Rational_should.ExplicitlyConvertToInt(1,1,1)" methodname="ExplicitlyConvertToInt" classname="Incapsulation.RationalNumbers.Rational_should" runstate="Runnable" seed="543202398" result="Passed" start-time="2022-12-09 16:53:55Z" end-time="2022-12-09 16:53:55Z" duration="0.000111" asserts="1" />
            <test-case id="1035" name="ExplicitlyConvertToInt(2,1,2)" fullname="Incapsulation.RationalNumbers.Rational_should.ExplicitlyConvertToInt(2,1,2)" methodname="ExplicitlyConvertToInt" classname="Incapsulation.RationalNumbers.Rational_should" runstate="Runnable" seed="2002336988" result="Passed" start-time="2022-12-09 16:53:55Z" end-time="2022-12-09 16:53:55Z" duration="0.000279" asserts="1" />
            <test-case id="1036" name="ExplicitlyConvertToInt(3,1,3)" fullname="Incapsulation.RationalNumbers.Rational_should.ExplicitlyConvertToInt(3,1,3)" methodname="ExplicitlyConvertToInt" classname="Incapsulation.RationalNumbers.Rational_should" runstate="Runnable" seed="1998174377" result="Passed" start-time="2022-12-09 16:53:55Z" end-time="2022-12-09 16:53:55Z" duration="0.000165" asserts="1" />
            <test-case id="1037" name="ExplicitlyConvertToInt(2,2,1)" fullname="Incapsulation.RationalNumbers.Rational_should.ExplicitlyConvertToInt(2,2,1)" methodname="ExplicitlyConvertToInt" classname="Incapsulation.RationalNumbers.Rational_should" runstate="Runnable" seed="668280706" result="Passed" start-time="2022-12-09 16:53:55Z" end-time="2022-12-09 16:53:55Z" duration="0.000175" asserts="1" />
            <test-case id="1038" name="ExplicitlyConvertToInt(6,3,2)" fullname="Incapsulation.RationalNumbers.Rational_should.ExplicitlyConvertToInt(6,3,2)" methodname="ExplicitlyConvertToInt" classname="Incapsulation.RationalNumbers.Rational_should" runstate="Runnable" seed="999216503" result="Passed" start-time="2022-12-09 16:53:55Z" end-time="2022-12-09 16:53:55Z" duration="0.000119" asserts="1" />
            <test-case id="1039" name="ExplicitlyConvertToInt(12,2,6)" fullname="Incapsulation.RationalNumbers.Rational_should.ExplicitlyConvertToInt(12,2,6)" methodname="ExplicitlyConvertToInt" classname="Incapsulation.RationalNumbers.Rational_should" runstate="Runnable" seed="304228523" result="Passed" start-time="2022-12-09 16:53:55Z" end-time="2022-12-09 16:53:55Z" duration="0.000152" asserts="1" />
            <test-case id="1040" name="ExplicitlyConvertToInt(12,3,4)" fullname="Incapsulation.RationalNumbers.Rational_should.ExplicitlyConvertToInt(12,3,4)" methodname="ExplicitlyConvertToInt" classname="Incapsulation.RationalNumbers.Rational_should" runstate="Runnable" seed="1396636115" result="Passed" start-time="2022-12-09 16:53:55Z" end-time="2022-12-09 16:53:55Z" duration="0.000123" asserts="1" />
            <test-case id="1041" name="ExplicitlyConvertToInt(12,4,3)" fullname="Incapsulation.RationalNumbers.Rational_should.ExplicitlyConvertToInt(12,4,3)" methodname="ExplicitlyConvertToInt" classname="Incapsulation.RationalNumbers.Rational_should" runstate="Runnable" seed="1596698847" result="Passed" start-time="2022-12-09 16:53:55Z" end-time="2022-12-09 16:53:55Z" duration="0.000139" asserts="1" />
            <test-case id="1042" name="ExplicitlyConvertToInt(12,6,2)" fullname="Incapsulation.RationalNumbers.Rational_should.ExplicitlyConvertToInt(12,6,2)" methodname="ExplicitlyConvertToInt" classname="Incapsulation.RationalNumbers.Rational_should" runstate="Runnable" seed="1593012168" result="Passed" start-time="2022-12-09 16:53:55Z" end-time="2022-12-09 16:53:55Z" duration="0.000167" asserts="1" />
            <test-case id="1043" name="ExplicitlyConvertToInt(12,12,1)" fullname="Incapsulation.RationalNumbers.Rational_should.ExplicitlyConvertToInt(12,12,1)" methodname="ExplicitlyConvertToInt" classname="Incapsulation.RationalNumbers.Rational_should" runstate="Runnable" seed="297779473" result="Passed" start-time="2022-12-09 16:53:55Z" end-time="2022-12-09 16:53:55Z" duration="0.000154" asserts="1" />
            <test-case id="1044" name="ExplicitlyConvertToInt(1000,1,1000)" fullname="Incapsulation.RationalNumbers.Rational_should.ExplicitlyConvertToInt(1000,1,1000)" methodname="ExplicitlyConvertToInt" classname="Incapsulation.RationalNumbers.Rational_should" runstate="Runnable" seed="1838370294" result="Passed" start-time="2022-12-09 16:53:55Z" end-time="2022-12-09 16:53:55Z" duration="0.000127" asserts="1" />
          </test-suite>
          <test-suite type="ParameterizedMethod" id="1052" name="ExplicitlyConvertToIntAndFailsIfNonConvertible" fullname="Incapsulation.RationalNumbers.Rational_should.ExplicitlyConvertToIntAndFailsIfNonConvertible" classname="Incapsulation.RationalNumbers.Rational_should" runstate="Runnable" testcasecount="6" result="Passed" start-time="2022-12-09 16:53:55Z" end-time="2022-12-09 16:53:56Z" duration="0.183377" total="6" passed="6" failed="0" warnings="0" inconclusive="0" skipped="0" asserts="6">
            <test-case id="1046" name="ExplicitlyConvertToIntAndFailsIfNonConvertible(1,2)" fullname="Incapsulation.RationalNumbers.Rational_should.ExplicitlyConvertToIntAndFailsIfNonConvertible(1,2)" methodname="ExplicitlyConvertToIntAndFailsIfNonConvertible" classname="Incapsulation.RationalNumbers.Rational_should" runstate="Runnable" seed="1563463039" result="Passed" start-time="2022-12-09 16:53:55Z" end-time="2022-12-09 16:53:55Z" duration="0.004833" asserts="1" />
            <test-case id="1047" name="ExplicitlyConvertToIntAndFailsIfNonConvertible(12,5)" fullname="Incapsulation.RationalNumbers.Rational_should.ExplicitlyConvertToIntAndFailsIfNonConvertible(12,5)" methodname="ExplicitlyConvertToIntAndFailsIfNonConvertible" classname="Incapsulation.RationalNumbers.Rational_should" runstate="Runnable" seed="1664170519" result="Passed" start-time="2022-12-09 16:53:55Z" end-time="2022-12-09 16:53:55Z" duration="0.000365" asserts="1" />
            <test-case id="1048" name="ExplicitlyConvertToIntAndFailsIfNonConvertible(12,10)" fullname="Incapsulation.RationalNumbers.Rational_should.ExplicitlyConvertToIntAndFailsIfNonConvertible(12,10)" methodname="ExplicitlyConvertToIntAndFailsIfNonConvertible" classname="Incapsulation.RationalNumbers.Rational_should" runstate="Runnable" seed="281811179" result="Passed" start-time="2022-12-09 16:53:55Z" end-time="2022-12-09 16:53:55Z" duration="0.000355" asserts="1" />
            <test-case id="1049" name="ExplicitlyConvertToIntAndFailsIfNonConvertible(25,8)" fullname="Incapsulation.RationalNumbers.Rational_should.ExplicitlyConvertToIntAndFailsIfNonConvertible(25,8)" methodname="ExplicitlyConvertToIntAndFailsIfNonConvertible" classname="Incapsulation.RationalNumbers.Rational_should" runstate="Runnable" seed="1449995143" result="Passed" start-time="2022-12-09 16:53:55Z" end-time="2022-12-09 16:53:55Z" duration="0.000267" asserts="1" />
            <test-case id="1050" name="ExplicitlyConvertToIntAndFailsIfNonConvertible(2,3)" fullname="Incapsulation.RationalNumbers.Rational_should.ExplicitlyConvertToIntAndFailsIfNonConvertible(2,3)" methodname="ExplicitlyConvertToIntAndFailsIfNonConvertible" classname="Incapsulation.RationalNumbers.Rational_should" runstate="Runnable" seed="834858042" result="Passed" start-time="2022-12-09 16:53:55Z" end-time="2022-12-09 16:53:55Z" duration="0.000212" asserts="1" />
            <test-case id="1051" name="ExplicitlyConvertToIntAndFailsIfNonConvertible(2,4)" fullname="Incapsulation.RationalNumbers.Rational_should.ExplicitlyConvertToIntAndFailsIfNonConvertible(2,4)" methodname="ExplicitlyConvertToIntAndFailsIfNonConvertible" classname="Incapsulation.RationalNumbers.Rational_should" runstate="Runnable" seed="681280911" result="Passed" start-time="2022-12-09 16:53:56Z" end-time="2022-12-09 16:53:56Z" duration="0.000201" asserts="1" />
          </test-suite>
          <test-suite type="ParameterizedMethod" id="1015" name="InitializeAndReduce1" fullname="Incapsulation.RationalNumbers.Rational_should.InitializeAndReduce1" classname="Incapsulation.RationalNumbers.Rational_should" runstate="Runnable" testcasecount="10" result="Passed" start-time="2022-12-09 16:53:56Z" end-time="2022-12-09 16:53:56Z" duration="0.307511" total="10" passed="10" failed="0" warnings="0" inconclusive="0" skipped="0" asserts="30">
            <test-case id="1005" name="InitializeAndReduce1(1,2,2,4)" fullname="Incapsulation.RationalNumbers.Rational_should.InitializeAndReduce1(1,2,2,4)" methodname="InitializeAndReduce1" classname="Incapsulation.RationalNumbers.Rational_should" runstate="Runnable" seed="977837312" result="Passed" start-time="2022-12-09 16:53:56Z" end-time="2022-12-09 16:53:56Z" duration="0.000282" asserts="3" />
            <test-case id="1006" name="InitializeAndReduce1(-1,2,-2,4)" fullname="Incapsulation.RationalNumbers.Rational_should.InitializeAndReduce1(-1,2,-2,4)" methodname="InitializeAndReduce1" classname="Incapsulation.RationalNumbers.Rational_should" runstate="Runnable" seed="1959523904" result="Passed" start-time="2022-12-09 16:53:56Z" end-time="2022-12-09 16:53:56Z" duration="0.000166" asserts="3" />
            <test-case id="1007" name="InitializeAndReduce1(-1,2,2,-4)" fullname="Incapsulation.RationalNumbers.Rational_should.InitializeAndReduce1(-1,2,2,-4)" methodname="InitializeAndReduce1" classname="Incapsulation.RationalNumbers.Rational_should" runstate="Runnable" seed="1676264119" result="Passed" start-time="2022-12-09 16:53:56Z" end-time="2022-12-09 16:53:56Z" duration="0.000238" asserts="3" />
            <test-case id="1008" name="InitializeAndReduce1(1,2,-2,-4)" fullname="Incapsulation.RationalNumbers.Rational_should.InitializeAndReduce1(1,2,-2,-4)" methodname="InitializeAndReduce1" classname="Incapsulation.RationalNumbers.Rational_should" runstate="Runnable" seed="455275691" result="Passed" start-time="2022-12-09 16:53:56Z" end-time="2022-12-09 16:53:56Z" duration="0.000153" asserts="3" />
            <test-case id="1009" name="InitializeAndReduce1(1,2,1,2)" fullname="Incapsulation.RationalNumbers.Rational_should.InitializeAndReduce1(1,2,1,2)" methodname="InitializeAndReduce1" classname="Incapsulation.RationalNumbers.Rational_should" runstate="Runnable" seed="1720018825" result="Passed" start-time="2022-12-09 16:53:56Z" end-time="2022-12-09 16:53:56Z" duration="0.000109" asserts="3" />
            <test-case id="1010" name="InitializeAndReduce1(1,2,8,16)" fullname="Incapsulation.RationalNumbers.Rational_should.InitializeAndReduce1(1,2,8,16)" methodname="InitializeAndReduce1" classname="Incapsulation.RationalNumbers.Rational_should" runstate="Runnable" seed="694540850" result="Passed" start-time="2022-12-09 16:53:56Z" end-time="2022-12-09 16:53:56Z" duration="0.000172" asserts="3" />
            <test-case id="1011" name="InitializeAndReduce1(2,3,10,15)" fullname="Incapsulation.RationalNumbers.Rational_should.InitializeAndReduce1(2,3,10,15)" methodname="InitializeAndReduce1" classname="Incapsulation.RationalNumbers.Rational_should" runstate="Runnable" seed="947075814" result="Passed" start-time="2022-12-09 16:53:56Z" end-time="2022-12-09 16:53:56Z" duration="0.000108" asserts="3" />
            <test-case id="1012" name="InitializeAndReduce1(4,7,16,28)" fullname="Incapsulation.RationalNumbers.Rational_should.InitializeAndReduce1(4,7,16,28)" methodname="InitializeAndReduce1" classname="Incapsulation.RationalNumbers.Rational_should" runstate="Runnable" seed="1342787708" result="Passed" start-time="2022-12-09 16:53:56Z" end-time="2022-12-09 16:53:56Z" duration="0.000127" asserts="3" />
            <test-case id="1013" name="InitializeAndReduce1(3,256,12,1024)" fullname="Incapsulation.RationalNumbers.Rational_should.InitializeAndReduce1(3,256,12,1024)" methodname="InitializeAndReduce1" classname="Incapsulation.RationalNumbers.Rational_should" runstate="Runnable" seed="1182171453" result="Passed" start-time="2022-12-09 16:53:56Z" end-time="2022-12-09 16:53:56Z" duration="0.000124" asserts="3" />
            <test-case id="1014" name="InitializeAndReduce1(1,1,1,1)" fullname="Incapsulation.RationalNumbers.Rational_should.InitializeAndReduce1(1,1,1,1)" methodname="InitializeAndReduce1" classname="Incapsulation.RationalNumbers.Rational_should" runstate="Runnable" seed="2141605036" result="Passed" start-time="2022-12-09 16:53:56Z" end-time="2022-12-09 16:53:56Z" duration="0.000155" asserts="3" />
          </test-suite>
          <test-case id="1001" name="InitializeSimpleRatioCorrectly" fullname="Incapsulation.RationalNumbers.Rational_should.InitializeSimpleRatioCorrectly" methodname="InitializeSimpleRatioCorrectly" classname="Incapsulation.RationalNumbers.Rational_should" runstate="Runnable" seed="974228811" result="Passed" start-time="2022-12-09 16:53:56Z" end-time="2022-12-09 16:53:56Z" duration="0.000248" asserts="3" />
          <test-case id="1002" name="InitializeWithoutDenominator" fullname="Incapsulation.RationalNumbers.Rational_should.InitializeWithoutDenominator" methodname="InitializeWithoutDenominator" classname="Incapsulation.RationalNumbers.Rational_should" runstate="Runnable" seed="1218947035" result="Passed" start-time="2022-12-09 16:53:56Z" end-time="2022-12-09 16:53:56Z" duration="0.000280" asserts="3" />
          <test-case id="1003" name="InitializeWithZeroDenominator" fullname="Incapsulation.RationalNumbers.Rational_should.InitializeWithZeroDenominator" methodname="InitializeWithZeroDenominator" classname="Incapsulation.RationalNumbers.Rational_should" runstate="Runnable" seed="1221367808" result="Passed" start-time="2022-12-09 16:53:56Z" end-time="2022-12-09 16:53:56Z" duration="0.000221" asserts="1" />
          <test-case id="1020" name="Multiply" fullname="Incapsulation.RationalNumbers.Rational_should.Multiply" methodname="Multiply" classname="Incapsulation.RationalNumbers.Rational_should" runstate="Runnable" seed="508496983" result="Passed" start-time="2022-12-09 16:53:56Z" end-time="2022-12-09 16:53:56Z" duration="0.000326" asserts="3" />
          <test-case id="1021" name="MultiplyWithNan" fullname="Incapsulation.RationalNumbers.Rational_should.MultiplyWithNan" methodname="MultiplyWithNan" classname="Incapsulation.RationalNumbers.Rational_should" runstate="Runnable" seed="1662743977" result="Passed" start-time="2022-12-09 16:53:56Z" end-time="2022-12-09 16:53:56Z" duration="0.000295" asserts="2" />
          <test-case id="1018" name="Subtract" fullname="Incapsulation.RationalNumbers.Rational_should.Subtract" methodname="Subtract" classname="Incapsulation.RationalNumbers.Rational_should" runstate="Runnable" seed="1080694316" result="Passed" start-time="2022-12-09 16:53:56Z" end-time="2022-12-09 16:53:56Z" duration="0.000351" asserts="3" />
          <test-case id="1019" name="SubtractWithNan" fullname="Incapsulation.RationalNumbers.Rational_should.SubtractWithNan" methodname="SubtractWithNan" classname="Incapsulation.RationalNumbers.Rational_should" runstate="Runnable" seed="2032874798" result="Passed" start-time="2022-12-09 16:53:56Z" end-time="2022-12-09 16:53:56Z" duration="0.000240" asserts="2" />
          <test-case id="1016" name="Sum" fullname="Incapsulation.RationalNumbers.Rational_should.Sum" methodname="Sum" classname="Incapsulation.RationalNumbers.Rational_should" runstate="Runnable" seed="675712337" result="Passed" start-time="2022-12-09 16:53:56Z" end-time="2022-12-09 16:53:56Z" duration="0.000346" asserts="3" />
          <test-case id="1017" name="SumWithNan" fullname="Incapsulation.RationalNumbers.Rational_should.SumWithNan" methodname="SumWithNan" classname="Incapsulation.RationalNumbers.Rational_should" runstate="Runnable" seed="1769408800" result="Passed" start-time="2022-12-09 16:53:56Z" end-time="2022-12-09 16:53:56Z" duration="0.000275" asserts="2" />
        </test-suite>
      </test-suite>
    </test-suite>
  </test-suite>
</test-run>