<?xml version="1.0" encoding="utf-8"?>
<test-run id="2" name="Incapsulation.Weights.exe" fullname="C:/Users/User/Desktop/Mine/University/РТиППО (3 курс)/Incapsulation.Weights.csproj/bin/Debug/Incapsulation.Weights.exe" testcasecount="27" result="Failed" start-time="2022-12-05 12:43:55Z" end-time="2022-12-05 12:44:32Z" duration="36.652364" total="27" passed="27" failed="0" inconclusive="0" skipped="0" asserts="18" random-seed="593958710">
  <command-line><![CDATA["C:\Users\User\Desktop\Mine\University\РТиППО (3 курс)\Incapsulation.Weights.csproj\bin\Debug\Incapsulation.Weights.exe" ]]></command-line>
  <filter />
  <test-suite type="Assembly" id="1035" name="Incapsulation.Weights.exe" fullname="C:/Users/User/Desktop/Mine/University/РТиППО (3 курс)/Incapsulation.Weights.csproj/bin/Debug/Incapsulation.Weights.exe" runstate="Runnable" testcasecount="27" result="Failed" site="Child" start-time="2022-12-05 12:43:55Z" end-time="2022-12-05 12:44:32Z" duration="36.652364" total="27" passed="27" failed="0" warnings="0" inconclusive="0" skipped="0" asserts="18">
    <environment framework-version="3.6.0.0" clr-version="4.0.30319.42000" os-version="Microsoft Windows NT 6.2.9200.0" platform="Win32NT" cwd="C:\Users\User\Desktop\Mine\University\РТиППО (3 курс)\Incapsulation.Weights.csproj\bin\Debug" machine-name="LAPTOP-UNH904N9" user="Tyoma" user-domain="LAPTOP-UNH904N9" culture="ru-RU" uiculture="ru-RU" os-architecture="x86" />
    <settings>
      <setting name="WorkDirectory" value="C:\Users\User\Desktop\Mine\University\РТиППО (3 курс)\Incapsulation.Weights.csproj\bin\Debug" />
      <setting name="NumberOfTestWorkers" value="12" />
    </settings>
    <properties>
      <property name="_PID" value="13076" />
      <property name="_APPDOMAIN" value="Incapsulation.Weights.exe" />
    </properties>
    <failure>
      <message><![CDATA[One or more child tests had errors]]></message>
    </failure>
    <test-suite type="TestSuite" id="1036" name="Incapsulation" fullname="Incapsulation" runstate="Runnable" testcasecount="27" result="Failed" site="Child" start-time="2022-12-05 12:43:55Z" end-time="2022-12-05 12:44:32Z" duration="36.621751" total="27" passed="27" failed="0" warnings="0" inconclusive="0" skipped="0" asserts="18">
      <failure>
        <message><![CDATA[One or more child tests had errors]]></message>
      </failure>
      <test-suite type="TestSuite" id="1037" name="Weights" fullname="Incapsulation.Weights" runstate="Runnable" testcasecount="27" result="Failed" site="Child" start-time="2022-12-05 12:43:55Z" end-time="2022-12-05 12:44:32Z" duration="36.590137" total="27" passed="27" failed="0" warnings="0" inconclusive="0" skipped="0" asserts="18">
        <failure>
          <message><![CDATA[One or more child tests had errors]]></message>
        </failure>
        <test-suite type="TestFixture" id="1000" name="Indexer" fullname="Incapsulation.Weights.Indexer" classname="Incapsulation.Weights.Indexer" runstate="NotRunnable" testcasecount="0" result="Failed" label="Invalid" site="SetUp" start-time="2022-12-05 12:43:55Z" end-time="2022-12-05 12:43:55Z" duration="0.003257" total="0" passed="0" failed="0" warnings="0" inconclusive="0" skipped="0" asserts="0">
          <properties>
            <property name="_SKIPREASON" value="No suitable constructor was found" />
          </properties>
          <failure>
            <message><![CDATA[No suitable constructor was found]]></message>
          </failure>
        </test-suite>
        <test-suite type="TestFixture" id="1001" name="Indexer_should" fullname="Incapsulation.Weights.Indexer_should" classname="Incapsulation.Weights.Indexer_should" runstate="Runnable" testcasecount="27" result="Passed" start-time="2022-12-05 12:43:55Z" end-time="2022-12-05 12:44:32Z" duration="36.528766" total="27" passed="27" failed="0" warnings="0" inconclusive="0" skipped="0" asserts="18">
          <test-suite type="ParameterizedMethod" id="1018" name="ConstructorFails_WhenRangeIsInvalid" fullname="Incapsulation.Weights.Indexer_should.ConstructorFails_WhenRangeIsInvalid" classname="Incapsulation.Weights.Indexer_should" runstate="Runnable" testcasecount="8" result="Passed" start-time="2022-12-05 12:43:55Z" end-time="2022-12-05 12:44:28Z" duration="32.961181" total="8" passed="8" failed="0" warnings="0" inconclusive="0" skipped="0" asserts="8">
            <test-case id="1010" name="ConstructorFails_WhenRangeIsInvalid(-1,3)" fullname="Incapsulation.Weights.Indexer_should.ConstructorFails_WhenRangeIsInvalid(-1,3)" methodname="ConstructorFails_WhenRangeIsInvalid" classname="Incapsulation.Weights.Indexer_should" runstate="Runnable" seed="293921521" result="Passed" start-time="2022-12-05 12:43:55Z" end-time="2022-12-05 12:44:25Z" duration="29.660457" asserts="1" />
            <test-case id="1011" name="ConstructorFails_WhenRangeIsInvalid(1,-1)" fullname="Incapsulation.Weights.Indexer_should.ConstructorFails_WhenRangeIsInvalid(1,-1)" methodname="ConstructorFails_WhenRangeIsInvalid" classname="Incapsulation.Weights.Indexer_should" runstate="Runnable" seed="1728120648" result="Passed" start-time="2022-12-05 12:44:25Z" end-time="2022-12-05 12:44:25Z" duration="0.631843" asserts="1" />
            <test-case id="1012" name="ConstructorFails_WhenRangeIsInvalid(1,10)" fullname="Incapsulation.Weights.Indexer_should.ConstructorFails_WhenRangeIsInvalid(1,10)" methodname="ConstructorFails_WhenRangeIsInvalid" classname="Incapsulation.Weights.Indexer_should" runstate="Runnable" seed="1753435851" result="Passed" start-time="2022-12-05 12:44:25Z" end-time="2022-12-05 12:44:26Z" duration="0.585697" asserts="1" />
            <test-case id="1013" name="ConstructorFails_WhenRangeIsInvalid(0,5)" fullname="Incapsulation.Weights.Indexer_should.ConstructorFails_WhenRangeIsInvalid(0,5)" methodname="ConstructorFails_WhenRangeIsInvalid" classname="Incapsulation.Weights.Indexer_should" runstate="Runnable" seed="1254557117" result="Passed" start-time="2022-12-05 12:44:26Z" end-time="2022-12-05 12:44:27Z" duration="0.487210" asserts="1" />
            <test-case id="1014" name="ConstructorFails_WhenRangeIsInvalid(1,4)" fullname="Incapsulation.Weights.Indexer_should.ConstructorFails_WhenRangeIsInvalid(1,4)" methodname="ConstructorFails_WhenRangeIsInvalid" classname="Incapsulation.Weights.Indexer_should" runstate="Runnable" seed="937124770" result="Passed" start-time="2022-12-05 12:44:27Z" end-time="2022-12-05 12:44:27Z" duration="0.402623" asserts="1" />
            <test-case id="1015" name="ConstructorFails_WhenRangeIsInvalid(2,3)" fullname="Incapsulation.Weights.Indexer_should.ConstructorFails_WhenRangeIsInvalid(2,3)" methodname="ConstructorFails_WhenRangeIsInvalid" classname="Incapsulation.Weights.Indexer_should" runstate="Runnable" seed="1078767512" result="Passed" start-time="2022-12-05 12:44:27Z" end-time="2022-12-05 12:44:27Z" duration="0.349911" asserts="1" />
            <test-case id="1016" name="ConstructorFails_WhenRangeIsInvalid(3,2)" fullname="Incapsulation.Weights.Indexer_should.ConstructorFails_WhenRangeIsInvalid(3,2)" methodname="ConstructorFails_WhenRangeIsInvalid" classname="Incapsulation.Weights.Indexer_should" runstate="Runnable" seed="2083044583" result="Passed" start-time="2022-12-05 12:44:27Z" end-time="2022-12-05 12:44:28Z" duration="0.321098" asserts="1" />
            <test-case id="1017" name="ConstructorFails_WhenRangeIsInvalid(4,1)" fullname="Incapsulation.Weights.Indexer_should.ConstructorFails_WhenRangeIsInvalid(4,1)" methodname="ConstructorFails_WhenRangeIsInvalid" classname="Incapsulation.Weights.Indexer_should" runstate="Runnable" seed="29366644" result="Passed" start-time="2022-12-05 12:44:28Z" end-time="2022-12-05 12:44:28Z" duration="0.327081" asserts="1" />
          </test-suite>
          <test-suite type="ParameterizedMethod" id="1028" name="ConstructorNotFail_WhenRangeIsValid" fullname="Incapsulation.Weights.Indexer_should.ConstructorNotFail_WhenRangeIsValid" classname="Incapsulation.Weights.Indexer_should" runstate="Runnable" testcasecount="9" result="Passed" start-time="2022-12-05 12:44:28Z" end-time="2022-12-05 12:44:28Z" duration="0.281311" total="9" passed="9" failed="0" warnings="0" inconclusive="0" skipped="0" asserts="0">
            <test-case id="1019" name="ConstructorNotFail_WhenRangeIsValid(0,0)" fullname="Incapsulation.Weights.Indexer_should.ConstructorNotFail_WhenRangeIsValid(0,0)" methodname="ConstructorNotFail_WhenRangeIsValid" classname="Incapsulation.Weights.Indexer_should" runstate="Runnable" seed="1544196245" result="Passed" start-time="2022-12-05 12:44:28Z" end-time="2022-12-05 12:44:28Z" duration="0.000292" asserts="0" />
            <test-case id="1020" name="ConstructorNotFail_WhenRangeIsValid(0,1)" fullname="Incapsulation.Weights.Indexer_should.ConstructorNotFail_WhenRangeIsValid(0,1)" methodname="ConstructorNotFail_WhenRangeIsValid" classname="Incapsulation.Weights.Indexer_should" runstate="Runnable" seed="1887096497" result="Passed" start-time="2022-12-05 12:44:28Z" end-time="2022-12-05 12:44:28Z" duration="0.000117" asserts="0" />
            <test-case id="1021" name="ConstructorNotFail_WhenRangeIsValid(0,4)" fullname="Incapsulation.Weights.Indexer_should.ConstructorNotFail_WhenRangeIsValid(0,4)" methodname="ConstructorNotFail_WhenRangeIsValid" classname="Incapsulation.Weights.Indexer_should" runstate="Runnable" seed="204389590" result="Passed" start-time="2022-12-05 12:44:28Z" end-time="2022-12-05 12:44:28Z" duration="0.000137" asserts="0" />
            <test-case id="1022" name="ConstructorNotFail_WhenRangeIsValid(1,0)" fullname="Incapsulation.Weights.Indexer_should.ConstructorNotFail_WhenRangeIsValid(1,0)" methodname="ConstructorNotFail_WhenRangeIsValid" classname="Incapsulation.Weights.Indexer_should" runstate="Runnable" seed="1624494006" result="Passed" start-time="2022-12-05 12:44:28Z" end-time="2022-12-05 12:44:28Z" duration="0.000098" asserts="0" />
            <test-case id="1023" name="ConstructorNotFail_WhenRangeIsValid(1,1)" fullname="Incapsulation.Weights.Indexer_should.ConstructorNotFail_WhenRangeIsValid(1,1)" methodname="ConstructorNotFail_WhenRangeIsValid" classname="Incapsulation.Weights.Indexer_should" runstate="Runnable" seed="323910617" result="Passed" start-time="2022-12-05 12:44:28Z" end-time="2022-12-05 12:44:28Z" duration="0.000167" asserts="0" />
            <test-case id="1024" name="ConstructorNotFail_WhenRangeIsValid(1,3)" fullname="Incapsulation.Weights.Indexer_should.ConstructorNotFail_WhenRangeIsValid(1,3)" methodname="ConstructorNotFail_WhenRangeIsValid" classname="Incapsulation.Weights.Indexer_should" runstate="Runnable" seed="1710162812" result="Passed" start-time="2022-12-05 12:44:28Z" end-time="2022-12-05 12:44:28Z" duration="0.000172" asserts="0" />
            <test-case id="1025" name="ConstructorNotFail_WhenRangeIsValid(3,0)" fullname="Incapsulation.Weights.Indexer_should.ConstructorNotFail_WhenRangeIsValid(3,0)" methodname="ConstructorNotFail_WhenRangeIsValid" classname="Incapsulation.Weights.Indexer_should" runstate="Runnable" seed="738041988" result="Passed" start-time="2022-12-05 12:44:28Z" end-time="2022-12-05 12:44:28Z" duration="0.000152" asserts="0" />
            <test-case id="1026" name="ConstructorNotFail_WhenRangeIsValid(3,1)" fullname="Incapsulation.Weights.Indexer_should.ConstructorNotFail_WhenRangeIsValid(3,1)" methodname="ConstructorNotFail_WhenRangeIsValid" classname="Incapsulation.Weights.Indexer_should" runstate="Runnable" seed="65596249" result="Passed" start-time="2022-12-05 12:44:28Z" end-time="2022-12-05 12:44:28Z" duration="0.000137" asserts="0" />
            <test-case id="1027" name="ConstructorNotFail_WhenRangeIsValid(4,0)" fullname="Incapsulation.Weights.Indexer_should.ConstructorNotFail_WhenRangeIsValid(4,0)" methodname="ConstructorNotFail_WhenRangeIsValid" classname="Incapsulation.Weights.Indexer_should" runstate="Runnable" seed="1537500730" result="Passed" start-time="2022-12-05 12:44:28Z" end-time="2022-12-05 12:44:28Z" duration="0.000177" asserts="0" />
          </test-suite>
          <test-suite type="ParameterizedMethod" id="1005" name="GetCorrectly" fullname="Incapsulation.Weights.Indexer_should.GetCorrectly" classname="Incapsulation.Weights.Indexer_should" runstate="Runnable" testcasecount="2" result="Passed" start-time="2022-12-05 12:44:28Z" end-time="2022-12-05 12:44:28Z" duration="0.061025" total="2" passed="2" failed="0" warnings="0" inconclusive="0" skipped="0" asserts="2">
            <test-case id="1003" name="GetCorrectly(0,2)" fullname="Incapsulation.Weights.Indexer_should.GetCorrectly(0,2)" methodname="GetCorrectly" classname="Incapsulation.Weights.Indexer_should" runstate="Runnable" seed="1294722267" result="Passed" start-time="2022-12-05 12:44:28Z" end-time="2022-12-05 12:44:28Z" duration="0.005574" asserts="1" />
            <test-case id="1004" name="GetCorrectly(1,3)" fullname="Incapsulation.Weights.Indexer_should.GetCorrectly(1,3)" methodname="GetCorrectly" classname="Incapsulation.Weights.Indexer_should" runstate="Runnable" seed="1260468888" result="Passed" start-time="2022-12-05 12:44:28Z" end-time="2022-12-05 12:44:28Z" duration="0.000289" asserts="1" />
          </test-suite>
          <test-case id="1002" name="HaveCorrectLength" fullname="Incapsulation.Weights.Indexer_should.HaveCorrectLength" methodname="HaveCorrectLength" classname="Incapsulation.Weights.Indexer_should" runstate="Runnable" seed="1432493463" result="Passed" start-time="2022-12-05 12:44:28Z" end-time="2022-12-05 12:44:28Z" duration="0.000541" asserts="1" />
          <test-case id="1009" name="IndexerDoesNotCopyArray" fullname="Incapsulation.Weights.Indexer_should.IndexerDoesNotCopyArray" methodname="IndexerDoesNotCopyArray" classname="Incapsulation.Weights.Indexer_should" runstate="Runnable" seed="1894205275" result="Passed" start-time="2022-12-05 12:44:28Z" end-time="2022-12-05 12:44:28Z" duration="0.000498" asserts="1" />
          <test-suite type="ParameterizedMethod" id="1031" name="IndexerGetter_Fails_WhenIndexIsWrong" fullname="Incapsulation.Weights.Indexer_should.IndexerGetter_Fails_WhenIndexIsWrong" classname="Incapsulation.Weights.Indexer_should" runstate="Runnable" testcasecount="2" result="Passed" start-time="2022-12-05 12:44:29Z" end-time="2022-12-05 12:44:30Z" duration="1.527310" total="2" passed="2" failed="0" warnings="0" inconclusive="0" skipped="0" asserts="2">
            <test-case id="1029" name="IndexerGetter_Fails_WhenIndexIsWrong(-1)" fullname="Incapsulation.Weights.Indexer_should.IndexerGetter_Fails_WhenIndexIsWrong(-1)" methodname="IndexerGetter_Fails_WhenIndexIsWrong" classname="Incapsulation.Weights.Indexer_should" runstate="Runnable" seed="1709051265" result="Passed" start-time="2022-12-05 12:44:29Z" end-time="2022-12-05 12:44:30Z" duration="1.050696" asserts="1" />
            <test-case id="1030" name="IndexerGetter_Fails_WhenIndexIsWrong(2)" fullname="Incapsulation.Weights.Indexer_should.IndexerGetter_Fails_WhenIndexIsWrong(2)" methodname="IndexerGetter_Fails_WhenIndexIsWrong" classname="Incapsulation.Weights.Indexer_should" runstate="Runnable" seed="438673898" result="Passed" start-time="2022-12-05 12:44:30Z" end-time="2022-12-05 12:44:30Z" duration="0.434148" asserts="1" />
          </test-suite>
          <test-suite type="ParameterizedMethod" id="1034" name="IndexerSetter_Fails_WhenIndexIsWrong" fullname="Incapsulation.Weights.Indexer_should.IndexerSetter_Fails_WhenIndexIsWrong" classname="Incapsulation.Weights.Indexer_should" runstate="Runnable" testcasecount="2" result="Passed" start-time="2022-12-05 12:44:30Z" end-time="2022-12-05 12:44:31Z" duration="1.387398" total="2" passed="2" failed="0" warnings="0" inconclusive="0" skipped="0" asserts="2">
            <test-case id="1032" name="IndexerSetter_Fails_WhenIndexIsWrong(-1)" fullname="Incapsulation.Weights.Indexer_should.IndexerSetter_Fails_WhenIndexIsWrong(-1)" methodname="IndexerSetter_Fails_WhenIndexIsWrong" classname="Incapsulation.Weights.Indexer_should" runstate="Runnable" seed="1061645146" result="Passed" start-time="2022-12-05 12:44:30Z" end-time="2022-12-05 12:44:31Z" duration="0.886518" asserts="1" />
            <test-case id="1033" name="IndexerSetter_Fails_WhenIndexIsWrong(2)" fullname="Incapsulation.Weights.Indexer_should.IndexerSetter_Fails_WhenIndexIsWrong(2)" methodname="IndexerSetter_Fails_WhenIndexIsWrong" classname="Incapsulation.Weights.Indexer_should" runstate="Runnable" seed="795362309" result="Passed" start-time="2022-12-05 12:44:31Z" end-time="2022-12-05 12:44:31Z" duration="0.452227" asserts="1" />
          </test-suite>
          <test-suite type="ParameterizedMethod" id="1008" name="SetCorrectly" fullname="Incapsulation.Weights.Indexer_should.SetCorrectly" classname="Incapsulation.Weights.Indexer_should" runstate="Runnable" testcasecount="2" result="Passed" start-time="2022-12-05 12:44:31Z" end-time="2022-12-05 12:44:32Z" duration="0.063060" total="2" passed="2" failed="0" warnings="0" inconclusive="0" skipped="0" asserts="2">
            <test-case id="1006" name="SetCorrectly(0)" fullname="Incapsulation.Weights.Indexer_should.SetCorrectly(0)" methodname="SetCorrectly" classname="Incapsulation.Weights.Indexer_should" runstate="Runnable" seed="504677342" result="Passed" start-time="2022-12-05 12:44:32Z" end-time="2022-12-05 12:44:32Z" duration="0.000289" asserts="1" />
            <test-case id="1007" name="SetCorrectly(1)" fullname="Incapsulation.Weights.Indexer_should.SetCorrectly(1)" methodname="SetCorrectly" classname="Incapsulation.Weights.Indexer_should" runstate="Runnable" seed="1771500120" result="Passed" start-time="2022-12-05 12:44:32Z" end-time="2022-12-05 12:44:32Z" duration="0.000225" asserts="1" />
          </test-suite>
        </test-suite>
      </test-suite>
    </test-suite>
  </test-suite>
</test-run>